smart-house-collector: 2025/03/12 01:15:06 Starting Smart House Collector service...
smart-house-collector: 2025/03/12 01:15:06 Connected to database
smart-house-collector: 2025/03/12 01:15:06 Initialized 7 sensors
smart-house-collector: 2025/03/12 01:15:06 Starting collector for 7 sensors
smart-house-collector: 2025/03/12 01:15:06 Started collecting from sensor temp_bedroom (type: temperature) with interval 30s
smart-house-collector: 2025/03/12 01:15:06 Started collecting from sensor temp_living_room (type: temperature) with interval 30s
smart-house-collector: 2025/03/12 01:15:06 Started collecting from sensor air_kitchen (type: air_quality) with interval 1m0s
smart-house-collector: 2025/03/12 01:15:06 Started collecting from sensor motion_living_room (type: motion) with interval 10s
smart-house-collector: 2025/03/12 01:15:06 Started collecting from sensor air_living_room (type: air_quality) with interval 1m0s
smart-house-collector: 2025/03/12 01:15:06 Started collecting from sensor temp_kitchen (type: temperature) with interval 30s
smart-house-collector: 2025/03/12 01:15:06 Started collecting from sensor motion_hallway (type: motion) with interval 10s
smart-house-collector: 2025/03/12 01:15:06 Starting metrics server on :9090
smart-house-collector: 2025/03/12 01:15:16 Collected and saved data from motion sensor motion_living_room
smart-house-collector: 2025/03/12 01:15:16 Collected and saved data from motion sensor motion_hallway
smart-house-collector: 2025/03/12 01:15:26 Collected and saved data from motion sensor motion_living_room
smart-house-collector: 2025/03/12 01:15:26 Collected and saved data from motion sensor motion_hallway
smart-house-collector: 2025/03/12 01:15:36 Collected and saved data from motion sensor motion_living_room
smart-house-collector: 2025/03/12 01:15:36 Collected and saved data from motion sensor motion_hallway
smart-house-collector: 2025/03/12 01:15:36 Collected and saved data from temperature sensor temp_living_room
smart-house-collector: 2025/03/12 01:15:36 Collected and saved data from temperature sensor temp_kitchen
smart-house-collector: 2025/03/12 01:15:36 Collected and saved data from temperature sensor temp_bedroom
smart-house-collector: 2025/03/12 01:15:46 Collected and saved data from motion sensor motion_hallway
smart-house-collector: 2025/03/12 01:15:46 Collected and saved data from motion sensor motion_living_room
smart-house-collector: 2025/03/12 01:15:56 Collected and saved data from motion sensor motion_living_room
smart-house-collector: 2025/03/12 01:15:56 Collected and saved data from motion sensor motion_hallway
smart-house-collector: 2025/03/12 01:16:06 Collected and saved data from temperature sensor temp_kitchen
smart-house-collector: 2025/03/12 01:16:06 Collected and saved data from temperature sensor temp_bedroom
smart-house-collector: 2025/03/12 01:16:06 Collected and saved data from air_quality sensor air_kitchen
smart-house-collector: 2025/03/12 01:16:06 Collected and saved data from motion sensor motion_living_room
smart-house-collector: 2025/03/12 01:16:06 Collected and saved data from air_quality sensor air_living_room
smart-house-collector: 2025/03/12 01:16:06 Collected and saved data from motion sensor motion_hallway
smart-house-collector: 2025/03/12 01:16:06 Collected and saved data from temperature sensor temp_living_room
smart-house-collector: 2025/03/12 01:16:16 Collected and saved data from motion sensor motion_living_room
smart-house-collector: 2025/03/12 01:16:16 Collected and saved data from motion sensor motion_hallway
smart-house-collector: 2025/03/12 01:16:26 Collected and saved data from motion sensor motion_hallway
smart-house-collector: 2025/03/12 01:16:26 Collected and saved data from motion sensor motion_living_room
smart-house-collector: 2025/03/12 01:16:36 Collected and saved data from motion sensor motion_living_room
smart-house-collector: 2025/03/12 01:16:36 Collected and saved data from temperature sensor temp_kitchen
smart-house-collector: 2025/03/12 01:16:36 Collected and saved data from motion sensor motion_hallway
smart-house-collector: 2025/03/12 01:16:36 Collected and saved data from temperature sensor temp_bedroom
smart-house-collector: 2025/03/12 01:16:36 Collected and saved data from temperature sensor temp_living_room
smart-house-collector: 2025/03/12 01:16:46 Collected and saved data from motion sensor motion_living_room
smart-house-collector: 2025/03/12 01:16:46 Collected and saved data from motion sensor motion_hallway
smart-house-collector: 2025/03/12 01:16:56 Collected and saved data from motion sensor motion_hallway
smart-house-collector: 2025/03/12 01:16:56 Collected and saved data from motion sensor motion_living_room
smart-house-collector: 2025/03/12 01:17:06 Collected and saved data from temperature sensor temp_kitchen
smart-house-collector: 2025/03/12 01:17:06 Collected and saved data from air_quality sensor air_kitchen
smart-house-collector: 2025/03/12 01:17:06 Collected and saved data from air_quality sensor air_living_room
smart-house-collector: 2025/03/12 01:17:06 Collected and saved data from motion sensor motion_living_room
smart-house-collector: 2025/03/12 01:17:06 Collected and saved data from temperature sensor temp_bedroom
smart-house-collector: 2025/03/12 01:17:06 Collected and saved data from temperature sensor temp_living_room
smart-house-collector: 2025/03/12 01:17:06 Collected and saved data from motion sensor motion_hallway
smart-house-collector: 2025/03/12 01:17:16 Collected and saved data from motion sensor motion_hallway
smart-house-collector: 2025/03/12 01:17:16 Collected and saved data from motion sensor motion_living_room
smart-house-collector: 2025/03/12 01:17:26 Collected and saved data from motion sensor motion_living_room
smart-house-collector: 2025/03/12 01:17:26 Collected and saved data from motion sensor motion_hallway
smart-house-collector: 2025/03/12 01:17:36 Collected and saved data from temperature sensor temp_living_room
smart-house-collector: 2025/03/12 01:17:36 Collected and saved data from motion sensor motion_hallway
smart-house-collector: 2025/03/12 01:17:36 Collected and saved data from temperature sensor temp_kitchen
smart-house-collector: 2025/03/12 01:17:36 Collected and saved data from motion sensor motion_living_room
smart-house-collector: 2025/03/12 01:17:36 Collected and saved data from temperature sensor temp_bedroom
smart-house-collector: 2025/03/12 01:17:46 Collected and saved data from motion sensor motion_living_room
smart-house-collector: 2025/03/12 01:17:46 Collected and saved data from motion sensor motion_hallway
smart-house-collector: 2025/03/12 01:17:56 Collected and saved data from motion sensor motion_hallway
smart-house-collector: 2025/03/12 01:17:56 Collected and saved data from motion sensor motion_living_room
smart-house-collector: 2025/03/12 01:18:06 Collected and saved data from temperature sensor temp_kitchen
smart-house-collector: 2025/03/12 01:18:06 Collected and saved data from motion sensor motion_hallway
smart-house-collector: 2025/03/12 01:18:06 Collected and saved data from motion sensor motion_living_room
smart-house-collector: 2025/03/12 01:18:06 Collected and saved data from air_quality sensor air_living_room
smart-house-collector: 2025/03/12 01:18:06 Collected and saved data from temperature sensor temp_bedroom
smart-house-collector: 2025/03/12 01:18:06 Collected and saved data from temperature sensor temp_living_room
smart-house-collector: 2025/03/12 01:18:06 Collected and saved data from air_quality sensor air_kitchen
smart-house-collector: 2025/03/12 01:18:16 Collected and saved data from motion sensor motion_hallway
smart-house-collector: 2025/03/12 01:18:16 Collected and saved data from motion sensor motion_living_room
smart-house-collector: 2025/03/12 01:18:26 Collected and saved data from motion sensor motion_living_room
smart-house-collector: 2025/03/12 01:18:26 Collected and saved data from motion sensor motion_hallway
smart-house-collector: 2025/03/12 01:18:36 Collected and saved data from temperature sensor temp_kitchen
smart-house-collector: 2025/03/12 01:18:36 Collected and saved data from motion sensor motion_living_room
smart-house-collector: 2025/03/12 01:18:36 Collected and saved data from motion sensor motion_hallway
smart-house-collector: 2025/03/12 01:18:36 Collected and saved data from temperature sensor temp_bedroom
smart-house-collector: 2025/03/12 01:18:36 Collected and saved data from temperature sensor temp_living_room
smart-house-collector: 2025/03/12 01:18:46 Collected and saved data from motion sensor motion_hallway
smart-house-collector: 2025/03/12 01:18:46 Collected and saved data from motion sensor motion_living_room
smart-house-collector: 2025/03/12 01:18:56 Collected and saved data from motion sensor motion_hallway
smart-house-collector: 2025/03/12 01:18:56 Collected and saved data from motion sensor motion_living_room
smart-house-collector: 2025/03/12 01:19:06 Collected and saved data from motion sensor motion_hallway
smart-house-collector: 2025/03/12 01:19:06 Collected and saved data from temperature sensor temp_bedroom
smart-house-collector: 2025/03/12 01:19:06 Collected and saved data from motion sensor motion_living_room
smart-house-collector: 2025/03/12 01:19:06 Collected and saved data from temperature sensor temp_kitchen
smart-house-collector: 2025/03/12 01:19:06 Collected and saved data from air_quality sensor air_kitchen
smart-house-collector: 2025/03/12 01:19:06 Collected and saved data from air_quality sensor air_living_room
smart-house-collector: 2025/03/12 01:19:06 Collected and saved data from temperature sensor temp_living_room
smart-house-collector: 2025/03/12 01:19:16 Collected and saved data from motion sensor motion_living_room
smart-house-collector: 2025/03/12 01:19:16 Collected and saved data from motion sensor motion_hallway
smart-house-collector: 2025/03/12 01:19:26 Collected and saved data from motion sensor motion_living_room
smart-house-collector: 2025/03/12 01:19:26 Collected and saved data from motion sensor motion_hallway
smart-house-collector: 2025/03/12 01:19:36 Collected and saved data from motion sensor motion_living_room
smart-house-collector: 2025/03/12 01:19:36 Collected and saved data from temperature sensor temp_bedroom
smart-house-collector: 2025/03/12 01:19:36 Collected and saved data from temperature sensor temp_living_room
smart-house-collector: 2025/03/12 01:19:36 Collected and saved data from motion sensor motion_hallway
smart-house-collector: 2025/03/12 01:19:36 Collected and saved data from temperature sensor temp_kitchen
smart-house-collector: 2025/03/12 01:19:46 Collected and saved data from motion sensor motion_hallway
smart-house-collector: 2025/03/12 01:19:46 Collected and saved data from motion sensor motion_living_room
smart-house-collector: 2025/03/12 01:19:56 Collected and saved data from motion sensor motion_hallway
smart-house-collector: 2025/03/12 01:19:56 Collected and saved data from motion sensor motion_living_room
smart-house-collector: 2025/03/12 01:20:06 Collected and saved data from motion sensor motion_hallway
smart-house-collector: 2025/03/12 01:20:06 Collected and saved data from temperature sensor temp_kitchen
smart-house-collector: 2025/03/12 01:20:06 Collected and saved data from temperature sensor temp_bedroom
smart-house-collector: 2025/03/12 01:20:06 Collected and saved data from air_quality sensor air_kitchen
smart-house-collector: 2025/03/12 01:20:06 Collected and saved data from temperature sensor temp_living_room
smart-house-collector: 2025/03/12 01:20:06 Collected and saved data from motion sensor motion_living_room
smart-house-collector: 2025/03/12 01:20:06 Collected and saved data from air_quality sensor air_living_room
smart-house-collector: 2025/03/12 01:20:16 Collected and saved data from motion sensor motion_living_room
smart-house-collector: 2025/03/12 01:20:16 Collected and saved data from motion sensor motion_hallway
smart-house-collector: 2025/03/12 01:20:26 Collected and saved data from motion sensor motion_living_room
smart-house-collector: 2025/03/12 01:20:26 Collected and saved data from motion sensor motion_hallway
smart-house-collector: 2025/03/12 01:20:36 Collected and saved data from temperature sensor temp_living_room
smart-house-collector: 2025/03/12 01:20:36 Collected and saved data from motion sensor motion_living_room
smart-house-collector: 2025/03/12 01:20:36 Collected and saved data from temperature sensor temp_kitchen
smart-house-collector: 2025/03/12 01:20:36 Collected and saved data from temperature sensor temp_bedroom
smart-house-collector: 2025/03/12 01:20:36 Collected and saved data from motion sensor motion_hallway
smart-house-collector: 2025/03/12 01:20:46 Collected and saved data from motion sensor motion_living_room
smart-house-collector: 2025/03/12 01:20:46 Collected and saved data from motion sensor motion_hallway
smart-house-collector: 2025/03/12 01:20:56 Collected and saved data from motion sensor motion_hallway
smart-house-collector: 2025/03/12 01:20:56 Collected and saved data from motion sensor motion_living_room
smart-house-collector: 2025/03/12 01:21:06 Collected and saved data from temperature sensor temp_kitchen
smart-house-collector: 2025/03/12 01:21:06 Collected and saved data from motion sensor motion_hallway
smart-house-collector: 2025/03/12 01:21:06 Collected and saved data from temperature sensor temp_living_room
smart-house-collector: 2025/03/12 01:21:06 Collected and saved data from motion sensor motion_living_room
smart-house-collector: 2025/03/12 01:21:06 Collected and saved data from temperature sensor temp_bedroom
smart-house-collector: 2025/03/12 01:21:06 Collected and saved data from air_quality sensor air_kitchen
smart-house-collector: 2025/03/12 01:21:06 Collected and saved data from air_quality sensor air_living_room
smart-house-collector: 2025/03/12 01:21:16 Collected and saved data from motion sensor motion_living_room
smart-house-collector: 2025/03/12 01:21:16 Collected and saved data from motion sensor motion_hallway
smart-house-collector: 2025/03/12 01:21:26 Collected and saved data from motion sensor motion_hallway
smart-house-collector: 2025/03/12 01:21:26 Collected and saved data from motion sensor motion_living_room
smart-house-collector: 2025/03/12 01:21:36 Collected and saved data from temperature sensor temp_living_room
smart-house-collector: 2025/03/12 01:21:36 Collected and saved data from motion sensor motion_hallway
smart-house-collector: 2025/03/12 01:21:36 Collected and saved data from motion sensor motion_living_room
smart-house-collector: 2025/03/12 01:21:36 Collected and saved data from temperature sensor temp_kitchen
smart-house-collector: 2025/03/12 01:21:36 Collected and saved data from temperature sensor temp_bedroom
smart-house-collector: 2025/03/12 01:21:46 Collected and saved data from motion sensor motion_living_room
smart-house-collector: 2025/03/12 01:21:46 Collected and saved data from motion sensor motion_hallway
smart-house-collector: 2025/03/12 01:21:56 Collected and saved data from motion sensor motion_hallway
smart-house-collector: 2025/03/12 01:21:56 Collected and saved data from motion sensor motion_living_room
smart-house-collector: 2025/03/12 01:22:06 Collected and saved data from temperature sensor temp_kitchen
smart-house-collector: 2025/03/12 01:22:06 Collected and saved data from air_quality sensor air_kitchen
smart-house-collector: 2025/03/12 01:22:06 Collected and saved data from motion sensor motion_hallway
smart-house-collector: 2025/03/12 01:22:06 Collected and saved data from motion sensor motion_living_room
smart-house-collector: 2025/03/12 01:22:06 Collected and saved data from temperature sensor temp_bedroom
smart-house-collector: 2025/03/12 01:22:06 Collected and saved data from air_quality sensor air_living_room
smart-house-collector: 2025/03/12 01:22:06 Collected and saved data from temperature sensor temp_living_room
smart-house-collector: 2025/03/12 01:22:16 Collected and saved data from motion sensor motion_living_room
smart-house-collector: 2025/03/12 01:22:16 Collected and saved data from motion sensor motion_hallway
smart-house-collector: 2025/03/12 01:22:26 Collected and saved data from motion sensor motion_hallway
smart-house-collector: 2025/03/12 01:22:26 Collected and saved data from motion sensor motion_living_room
smart-house-collector: 2025/03/12 01:22:36 Collected and saved data from temperature sensor temp_bedroom
smart-house-collector: 2025/03/12 01:22:36 Collected and saved data from motion sensor motion_living_room
smart-house-collector: 2025/03/12 01:22:36 Collected and saved data from temperature sensor temp_kitchen
smart-house-collector: 2025/03/12 01:22:36 Collected and saved data from motion sensor motion_hallway
smart-house-collector: 2025/03/12 01:22:36 Collected and saved data from temperature sensor temp_living_room
smart-house-collector: 2025/03/12 01:22:46 Collected and saved data from motion sensor motion_hallway
smart-house-collector: 2025/03/12 01:22:46 Collected and saved data from motion sensor motion_living_room
smart-house-collector: 2025/03/12 01:22:56 Collected and saved data from motion sensor motion_hallway
smart-house-collector: 2025/03/12 01:22:56 Collected and saved data from motion sensor motion_living_room
smart-house-collector: 2025/03/12 01:23:06 Collected and saved data from air_quality sensor air_living_room
smart-house-collector: 2025/03/12 01:23:06 Collected and saved data from temperature sensor temp_bedroom
smart-house-collector: 2025/03/12 01:23:06 Collected and saved data from motion sensor motion_living_room
smart-house-collector: 2025/03/12 01:23:06 Collected and saved data from air_quality sensor air_kitchen
smart-house-collector: 2025/03/12 01:23:06 Collected and saved data from temperature sensor temp_kitchen
smart-house-collector: 2025/03/12 01:23:06 Collected and saved data from temperature sensor temp_living_room
smart-house-collector: 2025/03/12 01:23:06 Collected and saved data from motion sensor motion_hallway
smart-house-collector: 2025/03/12 01:23:16 Collected and saved data from motion sensor motion_hallway
smart-house-collector: 2025/03/12 01:23:16 Collected and saved data from motion sensor motion_living_room
smart-house-collector: 2025/03/12 01:23:26 Collected and saved data from motion sensor motion_living_room
smart-house-collector: 2025/03/12 01:23:26 Collected and saved data from motion sensor motion_hallway
smart-house-collector: 2025/03/12 01:23:36 Collected and saved data from temperature sensor temp_kitchen
smart-house-collector: 2025/03/12 01:23:36 Collected and saved data from motion sensor motion_living_room
smart-house-collector: 2025/03/12 01:23:36 Collected and saved data from motion sensor motion_hallway
smart-house-collector: 2025/03/12 01:23:36 Collected and saved data from temperature sensor temp_bedroom
smart-house-collector: 2025/03/12 01:23:36 Collected and saved data from temperature sensor temp_living_room
smart-house-collector: 2025/03/12 01:23:46 Collected and saved data from motion sensor motion_hallway
smart-house-collector: 2025/03/12 01:23:46 Collected and saved data from motion sensor motion_living_room
smart-house-collector: 2025/03/12 01:23:56 Collected and saved data from motion sensor motion_hallway
smart-house-collector: 2025/03/12 01:23:56 Collected and saved data from motion sensor motion_living_room
smart-house-collector: 2025/03/12 01:24:06 Collected and saved data from temperature sensor temp_kitchen
smart-house-collector: 2025/03/12 01:24:06 Collected and saved data from air_quality sensor air_living_room
smart-house-collector: 2025/03/12 01:24:06 Collected and saved data from air_quality sensor air_kitchen
smart-house-collector: 2025/03/12 01:24:06 Collected and saved data from temperature sensor temp_bedroom
smart-house-collector: 2025/03/12 01:24:06 Collected and saved data from motion sensor motion_living_room
smart-house-collector: 2025/03/12 01:24:06 Collected and saved data from motion sensor motion_hallway
smart-house-collector: 2025/03/12 01:24:06 Collected and saved data from temperature sensor temp_living_room
smart-house-collector: 2025/03/12 01:24:16 Collected and saved data from motion sensor motion_living_room
smart-house-collector: 2025/03/12 01:24:16 Collected and saved data from motion sensor motion_hallway
smart-house-collector: 2025/03/12 01:24:26 Collected and saved data from motion sensor motion_hallway
smart-house-collector: 2025/03/12 01:24:26 Collected and saved data from motion sensor motion_living_room
smart-house-collector: 2025/03/12 01:24:36 Collected and saved data from temperature sensor temp_kitchen
smart-house-collector: 2025/03/12 01:24:36 Collected and saved data from motion sensor motion_living_room
smart-house-collector: 2025/03/12 01:24:36 Collected and saved data from temperature sensor temp_bedroom
smart-house-collector: 2025/03/12 01:24:36 Collected and saved data from temperature sensor temp_living_room
smart-house-collector: 2025/03/12 01:24:36 Collected and saved data from motion sensor motion_hallway
smart-house-collector: 2025/03/12 01:24:46 Collected and saved data from motion sensor motion_living_room
smart-house-collector: 2025/03/12 01:24:46 Collected and saved data from motion sensor motion_hallway
smart-house-collector: 2025/03/12 01:24:56 Collected and saved data from motion sensor motion_hallway
smart-house-collector: 2025/03/12 01:24:56 Collected and saved data from motion sensor motion_living_room
smart-house-collector: 2025/03/12 01:25:06 Collected and saved data from motion sensor motion_hallway
smart-house-collector: 2025/03/12 01:25:06 Collected and saved data from motion sensor motion_living_room
smart-house-collector: 2025/03/12 01:25:06 Collected and saved data from temperature sensor temp_kitchen
smart-house-collector: 2025/03/12 01:25:06 Collected and saved data from temperature sensor temp_bedroom
smart-house-collector: 2025/03/12 01:25:06 Collected and saved data from air_quality sensor air_kitchen
smart-house-collector: 2025/03/12 01:25:06 Collected and saved data from temperature sensor temp_living_room
smart-house-collector: 2025/03/12 01:25:06 Collected and saved data from air_quality sensor air_living_room
smart-house-collector: 2025/03/12 01:25:16 Collected and saved data from motion sensor motion_hallway
smart-house-collector: 2025/03/12 01:25:16 Collected and saved data from motion sensor motion_living_room
smart-house-collector: 2025/03/12 01:25:26 Collected and saved data from motion sensor motion_hallway
smart-house-collector: 2025/03/12 01:25:26 Collected and saved data from motion sensor motion_living_room
smart-house-collector: 2025/03/12 01:25:36 Collected and saved data from motion sensor motion_hallway
smart-house-collector: 2025/03/12 01:25:36 Collected and saved data from motion sensor motion_living_room
smart-house-collector: 2025/03/12 01:25:36 Collected and saved data from temperature sensor temp_living_room
smart-house-collector: 2025/03/12 01:25:36 Collected and saved data from temperature sensor temp_kitchen
smart-house-collector: 2025/03/12 01:25:36 Collected and saved data from temperature sensor temp_bedroom
smart-house-collector: 2025/03/12 01:25:46 Collected and saved data from motion sensor motion_hallway
smart-house-collector: 2025/03/12 01:25:46 Collected and saved data from motion sensor motion_living_room
smart-house-collector: 2025/03/12 01:25:56 Collected and saved data from motion sensor motion_living_room
smart-house-collector: 2025/03/12 01:25:56 Collected and saved data from motion sensor motion_hallway
smart-house-collector: 2025/03/12 01:26:06 Collected and saved data from air_quality sensor air_kitchen
smart-house-collector: 2025/03/12 01:26:06 Collected and saved data from motion sensor motion_hallway
smart-house-collector: 2025/03/12 01:26:06 Collected and saved data from temperature sensor temp_bedroom
smart-house-collector: 2025/03/12 01:26:06 Collected and saved data from temperature sensor temp_kitchen
smart-house-collector: 2025/03/12 01:26:06 Collected and saved data from air_quality sensor air_living_room
smart-house-collector: 2025/03/12 01:26:06 Collected and saved data from temperature sensor temp_living_room
smart-house-collector: 2025/03/12 01:26:06 Collected and saved data from motion sensor motion_living_room
smart-house-collector: 2025/03/12 01:26:16 Collected and saved data from motion sensor motion_living_room
smart-house-collector: 2025/03/12 01:26:16 Collected and saved data from motion sensor motion_hallway
smart-house-collector: 2025/03/12 01:26:26 Collected and saved data from motion sensor motion_hallway
smart-house-collector: 2025/03/12 01:26:26 Collected and saved data from motion sensor motion_living_room
smart-house-collector: 2025/03/12 01:26:36 Collected and saved data from motion sensor motion_hallway
smart-house-collector: 2025/03/12 01:26:36 Collected and saved data from temperature sensor temp_bedroom
smart-house-collector: 2025/03/12 01:26:36 Collected and saved data from temperature sensor temp_kitchen
smart-house-collector: 2025/03/12 01:26:36 Collected and saved data from temperature sensor temp_living_room
smart-house-collector: 2025/03/12 01:26:36 Collected and saved data from motion sensor motion_living_room
smart-house-collector: 2025/03/12 01:26:46 Collected and saved data from motion sensor motion_living_room
smart-house-collector: 2025/03/12 01:26:46 Collected and saved data from motion sensor motion_hallway
smart-house-collector: 2025/03/12 01:26:56 Collected and saved data from motion sensor motion_living_room
smart-house-collector: 2025/03/12 01:26:56 Collected and saved data from motion sensor motion_hallway
smart-house-collector: 2025/03/12 01:27:06 Collected and saved data from temperature sensor temp_kitchen
smart-house-collector: 2025/03/12 01:27:06 Collected and saved data from motion sensor motion_living_room
smart-house-collector: 2025/03/12 01:27:06 Collected and saved data from air_quality sensor air_kitchen
smart-house-collector: 2025/03/12 01:27:06 Collected and saved data from temperature sensor temp_bedroom
smart-house-collector: 2025/03/12 01:27:06 Collected and saved data from temperature sensor temp_living_room
smart-house-collector: 2025/03/12 01:27:06 Collected and saved data from motion sensor motion_hallway
smart-house-collector: 2025/03/12 01:27:06 Collected and saved data from air_quality sensor air_living_room
smart-house-collector: 2025/03/12 01:27:16 Collected and saved data from motion sensor motion_living_room
smart-house-collector: 2025/03/12 01:27:16 Collected and saved data from motion sensor motion_hallway
smart-house-collector: 2025/03/12 01:27:26 Collected and saved data from motion sensor motion_hallway
smart-house-collector: 2025/03/12 01:27:26 Collected and saved data from motion sensor motion_living_room
smart-house-collector: 2025/03/12 01:27:36 Collected and saved data from temperature sensor temp_living_room
smart-house-collector: 2025/03/12 01:27:36 Collected and saved data from motion sensor motion_hallway
smart-house-collector: 2025/03/12 01:27:36 Collected and saved data from motion sensor motion_living_room
smart-house-collector: 2025/03/12 01:27:36 Collected and saved data from temperature sensor temp_bedroom
smart-house-collector: 2025/03/12 01:27:36 Collected and saved data from temperature sensor temp_kitchen
smart-house-collector: 2025/03/12 01:27:46 Collected and saved data from motion sensor motion_hallway
smart-house-collector: 2025/03/12 01:27:46 Collected and saved data from motion sensor motion_living_room
smart-house-collector: 2025/03/12 01:27:56 Collected and saved data from motion sensor motion_living_room
smart-house-collector: 2025/03/12 01:27:56 Collected and saved data from motion sensor motion_hallway
smart-house-collector: 2025/03/12 01:28:06 Collected and saved data from temperature sensor temp_bedroom
smart-house-collector: 2025/03/12 01:28:06 Collected and saved data from air_quality sensor air_living_room
smart-house-collector: 2025/03/12 01:28:06 Collected and saved data from air_quality sensor air_kitchen
smart-house-collector: 2025/03/12 01:28:06 Collected and saved data from motion sensor motion_hallway
smart-house-collector: 2025/03/12 01:28:06 Collected and saved data from motion sensor motion_living_room
smart-house-collector: 2025/03/12 01:28:06 Collected and saved data from temperature sensor temp_living_room
smart-house-collector: 2025/03/12 01:28:06 Collected and saved data from temperature sensor temp_kitchen
smart-house-collector: 2025/03/12 01:28:16 Collected and saved data from motion sensor motion_hallway
smart-house-collector: 2025/03/12 01:28:16 Collected and saved data from motion sensor motion_living_room
smart-house-collector: 2025/03/12 01:28:26 Collected and saved data from motion sensor motion_hallway
smart-house-collector: 2025/03/12 01:28:26 Collected and saved data from motion sensor motion_living_room
smart-house-collector: 2025/03/12 01:28:36 Collected and saved data from temperature sensor temp_bedroom
smart-house-collector: 2025/03/12 01:28:36 Collected and saved data from motion sensor motion_living_room
smart-house-collector: 2025/03/12 01:28:36 Collected and saved data from temperature sensor temp_kitchen
smart-house-collector: 2025/03/12 01:28:36 Collected and saved data from motion sensor motion_hallway
smart-house-collector: 2025/03/12 01:28:36 Collected and saved data from temperature sensor temp_living_room
smart-house-collector: 2025/03/12 01:28:46 Collected and saved data from motion sensor motion_living_room
smart-house-collector: 2025/03/12 01:28:46 Collected and saved data from motion sensor motion_hallway
smart-house-collector: 2025/03/12 01:28:56 Collected and saved data from motion sensor motion_living_room
smart-house-collector: 2025/03/12 01:28:56 Collected and saved data from motion sensor motion_hallway
smart-house-collector: 2025/03/12 01:29:06 Collected and saved data from temperature sensor temp_kitchen
smart-house-collector: 2025/03/12 01:29:06 Collected and saved data from motion sensor motion_living_room
smart-house-collector: 2025/03/12 01:29:06 Collected and saved data from temperature sensor temp_living_room
smart-house-collector: 2025/03/12 01:29:06 Collected and saved data from motion sensor motion_hallway
smart-house-collector: 2025/03/12 01:29:06 Collected and saved data from air_quality sensor air_kitchen
smart-house-collector: 2025/03/12 01:29:06 Collected and saved data from air_quality sensor air_living_room
smart-house-collector: 2025/03/12 01:29:06 Collected and saved data from temperature sensor temp_bedroom
smart-house-collector: 2025/03/12 01:29:16 Collected and saved data from motion sensor motion_hallway
smart-house-collector: 2025/03/12 01:29:16 Collected and saved data from motion sensor motion_living_room
smart-house-collector: 2025/03/12 01:29:26 Collected and saved data from motion sensor motion_hallway
smart-house-collector: 2025/03/12 01:29:26 Collected and saved data from motion sensor motion_living_room
smart-house-collector: 2025/03/12 01:29:36 Collected and saved data from temperature sensor temp_living_room
smart-house-collector: 2025/03/12 01:29:36 Collected and saved data from temperature sensor temp_bedroom
smart-house-collector: 2025/03/12 01:29:36 Collected and saved data from temperature sensor temp_kitchen
smart-house-collector: 2025/03/12 01:29:36 Collected and saved data from motion sensor motion_living_room
smart-house-collector: 2025/03/12 01:29:36 Collected and saved data from motion sensor motion_hallway
smart-house-collector: 2025/03/12 01:29:46 Collected and saved data from motion sensor motion_living_room
smart-house-collector: 2025/03/12 01:29:46 Collected and saved data from motion sensor motion_hallway
smart-house-collector: 2025/03/12 01:29:56 Collected and saved data from motion sensor motion_hallway
smart-house-collector: 2025/03/12 01:29:56 Collected and saved data from motion sensor motion_living_room
smart-house-collector: 2025/03/12 01:30:06 Collected and saved data from temperature sensor temp_living_room
smart-house-collector: 2025/03/12 01:30:06 Collected and saved data from air_quality sensor air_kitchen
smart-house-collector: 2025/03/12 01:30:06 Collected and saved data from motion sensor motion_hallway
smart-house-collector: 2025/03/12 01:30:06 Collected and saved data from temperature sensor temp_bedroom
smart-house-collector: 2025/03/12 01:30:06 Collected and saved data from temperature sensor temp_kitchen
smart-house-collector: 2025/03/12 01:30:06 Collected and saved data from air_quality sensor air_living_room
smart-house-collector: 2025/03/12 01:30:06 Collected and saved data from motion sensor motion_living_room
smart-house-collector: 2025/03/12 01:30:16 Collected and saved data from motion sensor motion_living_room
smart-house-collector: 2025/03/12 01:30:16 Collected and saved data from motion sensor motion_hallway
smart-house-collector: 2025/03/12 01:30:26 Collected and saved data from motion sensor motion_hallway
smart-house-collector: 2025/03/12 01:30:26 Collected and saved data from motion sensor motion_living_room
smart-house-collector: 2025/03/12 01:30:36 Collected and saved data from motion sensor motion_hallway
smart-house-collector: 2025/03/12 01:30:36 Collected and saved data from temperature sensor temp_kitchen
smart-house-collector: 2025/03/12 01:30:36 Collected and saved data from temperature sensor temp_living_room
smart-house-collector: 2025/03/12 01:30:36 Collected and saved data from temperature sensor temp_bedroom
smart-house-collector: 2025/03/12 01:30:36 Collected and saved data from motion sensor motion_living_room
smart-house-collector: 2025/03/12 01:30:46 Collected and saved data from motion sensor motion_hallway
smart-house-collector: 2025/03/12 01:30:46 Collected and saved data from motion sensor motion_living_room
smart-house-collector: 2025/03/12 01:30:56 Collected and saved data from motion sensor motion_hallway
smart-house-collector: 2025/03/12 01:30:56 Collected and saved data from motion sensor motion_living_room
smart-house-collector: 2025/03/12 01:31:06 Collected and saved data from temperature sensor temp_kitchen
smart-house-collector: 2025/03/12 01:31:06 Collected and saved data from motion sensor motion_living_room
smart-house-collector: 2025/03/12 01:31:06 Collected and saved data from air_quality sensor air_living_room
smart-house-collector: 2025/03/12 01:31:06 Collected and saved data from air_quality sensor air_kitchen
smart-house-collector: 2025/03/12 01:31:06 Collected and saved data from temperature sensor temp_bedroom
smart-house-collector: 2025/03/12 01:31:06 Collected and saved data from motion sensor motion_hallway
smart-house-collector: 2025/03/12 01:31:06 Collected and saved data from temperature sensor temp_living_room
smart-house-collector: 2025/03/12 01:31:16 Collected and saved data from motion sensor motion_hallway
smart-house-collector: 2025/03/12 01:31:16 Collected and saved data from motion sensor motion_living_room
smart-house-collector: 2025/03/12 01:31:26 Collected and saved data from motion sensor motion_hallway
smart-house-collector: 2025/03/12 01:31:26 Collected and saved data from motion sensor motion_living_room
smart-house-collector: 2025/03/12 01:31:36 Collected and saved data from temperature sensor temp_kitchen
smart-house-collector: 2025/03/12 01:31:36 Collected and saved data from motion sensor motion_hallway
smart-house-collector: 2025/03/12 01:31:36 Collected and saved data from temperature sensor temp_living_room
smart-house-collector: 2025/03/12 01:31:36 Collected and saved data from temperature sensor temp_bedroom
smart-house-collector: 2025/03/12 01:31:36 Collected and saved data from motion sensor motion_living_room
smart-house-collector: 2025/03/12 01:31:46 Collected and saved data from motion sensor motion_living_room
smart-house-collector: 2025/03/12 01:31:46 Collected and saved data from motion sensor motion_hallway
smart-house-collector: 2025/03/12 01:31:56 Collected and saved data from motion sensor motion_hallway
smart-house-collector: 2025/03/12 01:31:56 Collected and saved data from motion sensor motion_living_room
smart-house-collector: 2025/03/12 01:32:06 Collected and saved data from motion sensor motion_hallway
smart-house-collector: 2025/03/12 01:32:06 Collected and saved data from temperature sensor temp_living_room
smart-house-collector: 2025/03/12 01:32:06 Collected and saved data from temperature sensor temp_bedroom
smart-house-collector: 2025/03/12 01:32:06 Collected and saved data from temperature sensor temp_kitchen
smart-house-collector: 2025/03/12 01:32:06 Collected and saved data from air_quality sensor air_kitchen
smart-house-collector: 2025/03/12 01:32:06 Collected and saved data from motion sensor motion_living_room
smart-house-collector: 2025/03/12 01:32:06 Collected and saved data from air_quality sensor air_living_room
smart-house-collector: 2025/03/12 01:32:16 Collected and saved data from motion sensor motion_hallway
smart-house-collector: 2025/03/12 01:32:16 Collected and saved data from motion sensor motion_living_room
smart-house-collector: 2025/03/12 01:32:26 Collected and saved data from motion sensor motion_living_room
smart-house-collector: 2025/03/12 01:32:26 Collected and saved data from motion sensor motion_hallway
smart-house-collector: 2025/03/12 01:32:36 Collected and saved data from temperature sensor temp_living_room
smart-house-collector: 2025/03/12 01:32:36 Collected and saved data from motion sensor motion_hallway
smart-house-collector: 2025/03/12 01:32:36 Collected and saved data from temperature sensor temp_kitchen
smart-house-collector: 2025/03/12 01:32:36 Collected and saved data from temperature sensor temp_bedroom
smart-house-collector: 2025/03/12 01:32:36 Collected and saved data from motion sensor motion_living_room
smart-house-collector: 2025/03/12 01:32:46 Collected and saved data from motion sensor motion_hallway
smart-house-collector: 2025/03/12 01:32:46 Collected and saved data from motion sensor motion_living_room
smart-house-collector: 2025/03/12 01:32:56 Collected and saved data from motion sensor motion_hallway
smart-house-collector: 2025/03/12 01:32:56 Collected and saved data from motion sensor motion_living_room
smart-house-collector: 2025/03/12 01:33:06 Collected and saved data from temperature sensor temp_kitchen
smart-house-collector: 2025/03/12 01:33:06 Collected and saved data from motion sensor motion_hallway
smart-house-collector: 2025/03/12 01:33:06 Collected and saved data from temperature sensor temp_bedroom
smart-house-collector: 2025/03/12 01:33:06 Collected and saved data from air_quality sensor air_kitchen
smart-house-collector: 2025/03/12 01:33:06 Collected and saved data from motion sensor motion_living_room
smart-house-collector: 2025/03/12 01:33:06 Collected and saved data from air_quality sensor air_living_room
smart-house-collector: 2025/03/12 01:33:06 Collected and saved data from temperature sensor temp_living_room
smart-house-collector: 2025/03/12 01:33:16 Collected and saved data from motion sensor motion_hallway
smart-house-collector: 2025/03/12 01:33:16 Collected and saved data from motion sensor motion_living_room
smart-house-collector: 2025/03/12 01:33:26 Collected and saved data from motion sensor motion_hallway
smart-house-collector: 2025/03/12 01:33:26 Collected and saved data from motion sensor motion_living_room
smart-house-collector: 2025/03/12 01:33:36 Collected and saved data from motion sensor motion_hallway
smart-house-collector: 2025/03/12 01:33:36 Collected and saved data from temperature sensor temp_kitchen
smart-house-collector: 2025/03/12 01:33:36 Collected and saved data from motion sensor motion_living_room
smart-house-collector: 2025/03/12 01:33:36 Collected and saved data from temperature sensor temp_bedroom
smart-house-collector: 2025/03/12 01:33:36 Collected and saved data from temperature sensor temp_living_room
smart-house-collector: 2025/03/12 01:33:46 Collected and saved data from motion sensor motion_hallway
smart-house-collector: 2025/03/12 01:33:46 Collected and saved data from motion sensor motion_living_room
smart-house-collector: 2025/03/12 01:33:56 Collected and saved data from motion sensor motion_hallway
smart-house-collector: 2025/03/12 01:33:56 Collected and saved data from motion sensor motion_living_room
smart-house-collector: 2025/03/12 01:34:06 Collected and saved data from air_quality sensor air_kitchen
smart-house-collector: 2025/03/12 01:34:06 Collected and saved data from temperature sensor temp_bedroom
smart-house-collector: 2025/03/12 01:34:06 Collected and saved data from motion sensor motion_living_room
smart-house-collector: 2025/03/12 01:34:06 Collected and saved data from temperature sensor temp_kitchen
smart-house-collector: 2025/03/12 01:34:06 Collected and saved data from motion sensor motion_hallway
smart-house-collector: 2025/03/12 01:34:06 Collected and saved data from temperature sensor temp_living_room
smart-house-collector: 2025/03/12 01:34:06 Collected and saved data from air_quality sensor air_living_room
smart-house-collector: 2025/03/12 01:34:16 Collected and saved data from motion sensor motion_living_room
smart-house-collector: 2025/03/12 01:34:16 Collected and saved data from motion sensor motion_hallway
smart-house-collector: 2025/03/12 01:34:26 Collected and saved data from motion sensor motion_hallway
smart-house-collector: 2025/03/12 01:34:26 Collected and saved data from motion sensor motion_living_room
smart-house-collector: 2025/03/12 01:34:36 Collected and saved data from motion sensor motion_living_room
smart-house-collector: 2025/03/12 01:34:36 Collected and saved data from temperature sensor temp_living_room
smart-house-collector: 2025/03/12 01:34:36 Collected and saved data from motion sensor motion_hallway
smart-house-collector: 2025/03/12 01:34:36 Collected and saved data from temperature sensor temp_bedroom
smart-house-collector: 2025/03/12 01:34:36 Collected and saved data from temperature sensor temp_kitchen
smart-house-collector: 2025/03/12 01:34:46 Collected and saved data from motion sensor motion_hallway
smart-house-collector: 2025/03/12 01:34:46 Collected and saved data from motion sensor motion_living_room
smart-house-collector: 2025/03/12 01:34:56 Collected and saved data from motion sensor motion_hallway
smart-house-collector: 2025/03/12 01:34:56 Collected and saved data from motion sensor motion_living_room
smart-house-collector: 2025/03/12 01:35:06 Collected and saved data from temperature sensor temp_kitchen
smart-house-collector: 2025/03/12 01:35:06 Collected and saved data from air_quality sensor air_living_room
smart-house-collector: 2025/03/12 01:35:06 Collected and saved data from air_quality sensor air_kitchen
smart-house-collector: 2025/03/12 01:35:06 Collected and saved data from motion sensor motion_living_room
smart-house-collector: 2025/03/12 01:35:06 Collected and saved data from motion sensor motion_hallway
smart-house-collector: 2025/03/12 01:35:06 Collected and saved data from temperature sensor temp_living_room
smart-house-collector: 2025/03/12 01:35:06 Collected and saved data from temperature sensor temp_bedroom
smart-house-collector: 2025/03/12 01:35:16 Collected and saved data from motion sensor motion_living_room
smart-house-collector: 2025/03/12 01:35:16 Collected and saved data from motion sensor motion_hallway
smart-house-collector: 2025/03/12 01:35:26 Collected and saved data from motion sensor motion_hallway
smart-house-collector: 2025/03/12 01:35:26 Collected and saved data from motion sensor motion_living_room
smart-house-collector: 2025/03/12 01:35:36 Collected and saved data from temperature sensor temp_kitchen
smart-house-collector: 2025/03/12 01:35:36 Collected and saved data from temperature sensor temp_living_room
smart-house-collector: 2025/03/12 01:35:36 Collected and saved data from motion sensor motion_hallway
smart-house-collector: 2025/03/12 01:35:36 Collected and saved data from temperature sensor temp_bedroom
smart-house-collector: 2025/03/12 01:35:36 Collected and saved data from motion sensor motion_living_room
smart-house-collector: 2025/03/12 01:35:46 Collected and saved data from motion sensor motion_living_room
smart-house-collector: 2025/03/12 01:35:46 Collected and saved data from motion sensor motion_hallway
smart-house-collector: 2025/03/12 01:35:56 Collected and saved data from motion sensor motion_hallway
smart-house-collector: 2025/03/12 01:35:56 Collected and saved data from motion sensor motion_living_room
smart-house-collector: 2025/03/12 01:36:06 Collected and saved data from temperature sensor temp_living_room
smart-house-collector: 2025/03/12 01:36:06 Collected and saved data from air_quality sensor air_kitchen
smart-house-collector: 2025/03/12 01:36:06 Collected and saved data from temperature sensor temp_bedroom
smart-house-collector: 2025/03/12 01:36:06 Collected and saved data from motion sensor motion_living_room
smart-house-collector: 2025/03/12 01:36:06 Collected and saved data from motion sensor motion_hallway
smart-house-collector: 2025/03/12 01:36:06 Collected and saved data from temperature sensor temp_kitchen
smart-house-collector: 2025/03/12 01:36:06 Collected and saved data from air_quality sensor air_living_room
smart-house-collector: 2025/03/12 01:36:16 Collected and saved data from motion sensor motion_hallway
smart-house-collector: 2025/03/12 01:36:16 Collected and saved data from motion sensor motion_living_room
smart-house-collector: 2025/03/12 01:36:26 Collected and saved data from motion sensor motion_hallway
smart-house-collector: 2025/03/12 01:36:26 Collected and saved data from motion sensor motion_living_room
smart-house-collector: 2025/03/12 01:36:36 Collected and saved data from motion sensor motion_living_room
smart-house-collector: 2025/03/12 01:36:36 Collected and saved data from temperature sensor temp_kitchen
smart-house-collector: 2025/03/12 01:36:36 Collected and saved data from motion sensor motion_hallway
smart-house-collector: 2025/03/12 01:36:36 Collected and saved data from temperature sensor temp_bedroom
smart-house-collector: 2025/03/12 01:36:36 Collected and saved data from temperature sensor temp_living_room
smart-house-collector: 2025/03/12 01:36:46 Collected and saved data from motion sensor motion_hallway
smart-house-collector: 2025/03/12 01:36:46 Collected and saved data from motion sensor motion_living_room
smart-house-collector: 2025/03/12 01:36:56 Collected and saved data from motion sensor motion_living_room
smart-house-collector: 2025/03/12 01:36:56 Collected and saved data from motion sensor motion_hallway
smart-house-collector: 2025/03/12 01:37:06 Collected and saved data from air_quality sensor air_kitchen
smart-house-collector: 2025/03/12 01:37:06 Collected and saved data from temperature sensor temp_kitchen
smart-house-collector: 2025/03/12 01:37:06 Collected and saved data from motion sensor motion_living_room
smart-house-collector: 2025/03/12 01:37:06 Collected and saved data from temperature sensor temp_bedroom
smart-house-collector: 2025/03/12 01:37:06 Collected and saved data from temperature sensor temp_living_room
smart-house-collector: 2025/03/12 01:37:06 Collected and saved data from motion sensor motion_hallway
smart-house-collector: 2025/03/12 01:37:06 Collected and saved data from air_quality sensor air_living_room
smart-house-collector: 2025/03/12 01:37:16 Collected and saved data from motion sensor motion_living_room
smart-house-collector: 2025/03/12 01:37:16 Collected and saved data from motion sensor motion_hallway
